#! /c/Source/iverilog-install/bin/vvp
:ivl_version "12.0 (devel)" "(s20150603-1539-g2693dd32b)";
:ivl_delay_selection "TYPICAL";
:vpi_time_precision + 0;
:vpi_module "C:\iverilog\lib\ivl\system.vpi";
:vpi_module "C:\iverilog\lib\ivl\vhdl_sys.vpi";
:vpi_module "C:\iverilog\lib\ivl\vhdl_textio.vpi";
:vpi_module "C:\iverilog\lib\ivl\v2005_math.vpi";
:vpi_module "C:\iverilog\lib\ivl\va_math.vpi";
S_0000021145a92720 .scope module, "ex02" "ex02" 2 1;
 .timescale 0 0;
    .port_info 0 /INPUT 1 "A";
    .port_info 1 /INPUT 1 "B";
    .port_info 2 /INPUT 1 "C";
    .port_info 3 /OUTPUT 1 "P";
    .port_info 4 /OUTPUT 1 "Q";
o0000021145ac6f38 .functor BUFZ 1, C4<z>; HiZ drive
o0000021145ac6f68 .functor BUFZ 1, C4<z>; HiZ drive
L_0000021145a92b30 .functor AND 1, o0000021145ac6f38, o0000021145ac6f68, C4<1>, C4<1>;
o0000021145ac6f98 .functor BUFZ 1, C4<z>; HiZ drive
L_0000021145ac6840 .functor AND 1, L_0000021145a92b30, o0000021145ac6f98, C4<1>, C4<1>;
L_0000021145a931a0 .functor AND 1, o0000021145ac6f38, o0000021145ac6f68, C4<1>, C4<1>;
v0000021145a92f80_0 .net "A", 0 0, o0000021145ac6f38;  0 drivers
v0000021145ac67a0_0 .net "B", 0 0, o0000021145ac6f68;  0 drivers
v0000021145a928b0_0 .net "C", 0 0, o0000021145ac6f98;  0 drivers
v0000021145a92950_0 .net "P", 0 0, L_0000021145ac6840;  1 drivers
v0000021145a929f0_0 .net "Q", 0 0, L_0000021145c5ecc0;  1 drivers
v0000021145a92a90_0 .net *"_ivl_0", 0 0, L_0000021145a92b30;  1 drivers
v0000021145c5ec20_0 .net *"_ivl_4", 0 0, L_0000021145a931a0;  1 drivers
L_0000021145c5ecc0 .arith/sum 1, L_0000021145a931a0, o0000021145ac6f98;
# The file index is used to find the file name in the following table.
:file_names 3;
    "N/A";
    "<interactive>";
    "ex02.v";
