#! /c/Source/iverilog-install/bin/vvp
:ivl_version "12.0 (devel)" "(s20150603-1539-g2693dd32b)";
:ivl_delay_selection "TYPICAL";
:vpi_time_precision - 12;
:vpi_module "C:\iverilog\lib\ivl\system.vpi";
:vpi_module "C:\iverilog\lib\ivl\vhdl_sys.vpi";
:vpi_module "C:\iverilog\lib\ivl\vhdl_textio.vpi";
:vpi_module "C:\iverilog\lib\ivl\v2005_math.vpi";
:vpi_module "C:\iverilog\lib\ivl\va_math.vpi";
S_000001ec4bf4b7e0 .scope module, "ex02tb" "ex02tb" 2 4;
 .timescale -12 -12;
v000001ec4be25d80_0 .var "A", 0 0;
v000001ec4bdf2760_0 .var "B", 0 0;
v000001ec4bdf2800_0 .var "C", 0 0;
v000001ec4bdf28a0_0 .net "P", 0 0, L_000001ec4be149b0;  1 drivers
v000001ec4bdf2940_0 .net "Q", 0 0, L_000001ec4bdf29e0;  1 drivers
S_000001ec4bf4bd70 .scope module, "uut" "ex02" 2 11, 3 1 0, S_000001ec4bf4b7e0;
 .timescale -12 -12;
    .port_info 0 /INPUT 1 "A";
    .port_info 1 /INPUT 1 "B";
    .port_info 2 /INPUT 1 "C";
    .port_info 3 /OUTPUT 1 "P";
    .port_info 4 /OUTPUT 1 "Q";
L_000001ec4be14b70 .functor AND 1, v000001ec4be25d80_0, v000001ec4bdf2760_0, C4<1>, C4<1>;
L_000001ec4be149b0 .functor AND 1, L_000001ec4be14b70, v000001ec4bdf2800_0, C4<1>, C4<1>;
L_000001ec4be14e80 .functor AND 1, v000001ec4be25d80_0, v000001ec4bdf2760_0, C4<1>, C4<1>;
v000001ec4bdf2fe0_0 .net "A", 0 0, v000001ec4be25d80_0;  1 drivers
v000001ec4be259c0_0 .net "B", 0 0, v000001ec4bdf2760_0;  1 drivers
v000001ec4be25a60_0 .net "C", 0 0, v000001ec4bdf2800_0;  1 drivers
v000001ec4be25b00_0 .net "P", 0 0, L_000001ec4be149b0;  alias, 1 drivers
v000001ec4be25ba0_0 .net "Q", 0 0, L_000001ec4bdf29e0;  alias, 1 drivers
v000001ec4be25c40_0 .net *"_ivl_0", 0 0, L_000001ec4be14b70;  1 drivers
v000001ec4be25ce0_0 .net *"_ivl_4", 0 0, L_000001ec4be14e80;  1 drivers
L_000001ec4bdf29e0 .arith/sum 1, L_000001ec4be14e80, v000001ec4bdf2800_0;
    .scope S_000001ec4bf4b7e0;
T_0 ;
    %vpi_call 2 14 "$dumpfile", "DumpEx02.vcd" {0 0 0};
    %vpi_call 2 15 "$dumpvars" {0 0 0};
    %pushi/vec4 0, 0, 1;
    %store/vec4 v000001ec4be25d80_0, 0, 1;
    %pushi/vec4 0, 0, 1;
    %store/vec4 v000001ec4bdf2760_0, 0, 1;
    %pushi/vec4 0, 0, 1;
    %store/vec4 v000001ec4bdf2800_0, 0, 1;
    %delay 20, 0;
    %pushi/vec4 1, 0, 1;
    %store/vec4 v000001ec4bdf2800_0, 0, 1;
    %delay 20, 0;
    %pushi/vec4 0, 0, 1;
    %store/vec4 v000001ec4bdf2800_0, 0, 1;
    %pushi/vec4 1, 0, 1;
    %store/vec4 v000001ec4bdf2760_0, 0, 1;
    %delay 20, 0;
    %pushi/vec4 1, 0, 1;
    %store/vec4 v000001ec4bdf2800_0, 0, 1;
    %delay 20, 0;
    %pushi/vec4 0, 0, 1;
    %store/vec4 v000001ec4bdf2800_0, 0, 1;
    %pushi/vec4 0, 0, 1;
    %store/vec4 v000001ec4bdf2760_0, 0, 1;
    %pushi/vec4 1, 0, 1;
    %store/vec4 v000001ec4be25d80_0, 0, 1;
    %delay 20, 0;
    %pushi/vec4 1, 0, 1;
    %store/vec4 v000001ec4bdf2800_0, 0, 1;
    %delay 20, 0;
    %pushi/vec4 0, 0, 1;
    %store/vec4 v000001ec4bdf2800_0, 0, 1;
    %pushi/vec4 1, 0, 1;
    %store/vec4 v000001ec4bdf2760_0, 0, 1;
    %delay 20, 0;
    %pushi/vec4 1, 0, 1;
    %store/vec4 v000001ec4bdf2800_0, 0, 1;
    %end;
    .thread T_0;
    .scope S_000001ec4bf4b7e0;
T_1 ;
    %vpi_call 2 28 "$monitor", "time =%2d A=%b B=%b C=%b P=%b Q=%b", $time, v000001ec4be25d80_0, v000001ec4bdf2760_0, v000001ec4bdf2800_0, v000001ec4bdf28a0_0, v000001ec4bdf2940_0 {0 0 0};
    %end;
    .thread T_1;
# The file index is used to find the file name in the following table.
:file_names 4;
    "N/A";
    "<interactive>";
    "ex02tb.v";
    "./ex02.v";
