#! /c/Source/iverilog-install/bin/vvp
:ivl_version "12.0 (devel)" "(s20150603-1539-g2693dd32b)";
:ivl_delay_selection "TYPICAL";
:vpi_time_precision + 0;
:vpi_module "C:\iverilog\lib\ivl\system.vpi";
:vpi_module "C:\iverilog\lib\ivl\vhdl_sys.vpi";
:vpi_module "C:\iverilog\lib\ivl\vhdl_textio.vpi";
:vpi_module "C:\iverilog\lib\ivl\v2005_math.vpi";
:vpi_module "C:\iverilog\lib\ivl\va_math.vpi";
S_0000013e62fe2720 .scope module, "ex03" "ex03" 2 1;
 .timescale 0 0;
    .port_info 0 /INPUT 4 "A";
    .port_info 1 /INPUT 4 "B";
    .port_info 2 /OUTPUT 6 "P";
L_0000013e62fe2b30 .functor AND 1, L_0000013e63058230, L_0000013e630582d0, C4<1>, C4<1>;
L_0000013e630def60 .functor AND 1, L_0000013e63058370, L_0000013e63058eb0, C4<1>, C4<1>;
o0000013e63016f98 .functor BUFZ 4, C4<zzzz>; HiZ drive
v0000013e62fe2ed0_0 .net "A", 3 0, o0000013e63016f98;  0 drivers
o0000013e63016fc8 .functor BUFZ 4, C4<zzzz>; HiZ drive
v0000013e630dee20_0 .net "B", 3 0, o0000013e63016fc8;  0 drivers
v0000013e630deec0_0 .net "P", 5 0, L_0000013e63058690;  1 drivers
v0000013e62fe28b0_0 .net *"_ivl_1", 1 0, L_0000013e630589b0;  1 drivers
v0000013e62fe2950_0 .net *"_ivl_11", 0 0, L_0000013e63058eb0;  1 drivers
v0000013e62fe29f0_0 .net *"_ivl_12", 0 0, L_0000013e630def60;  1 drivers
v0000013e62fe2a90_0 .net *"_ivl_15", 1 0, L_0000013e630585f0;  1 drivers
v0000013e63058010_0 .net *"_ivl_3", 0 0, L_0000013e63058230;  1 drivers
v0000013e630580b0_0 .net *"_ivl_5", 0 0, L_0000013e630582d0;  1 drivers
v0000013e63059090_0 .net *"_ivl_6", 0 0, L_0000013e62fe2b30;  1 drivers
v0000013e630587d0_0 .net *"_ivl_9", 0 0, L_0000013e63058370;  1 drivers
L_0000013e630589b0 .part o0000013e63016fc8, 2, 2;
L_0000013e63058230 .part o0000013e63016fc8, 1, 1;
L_0000013e630582d0 .part o0000013e63016f98, 3, 1;
L_0000013e63058370 .part o0000013e63016fc8, 0, 1;
L_0000013e63058eb0 .part o0000013e63016f98, 2, 1;
L_0000013e630585f0 .part o0000013e63016f98, 0, 2;
L_0000013e63058690 .concat [ 2 1 1 2], L_0000013e630585f0, L_0000013e630def60, L_0000013e62fe2b30, L_0000013e630589b0;
# The file index is used to find the file name in the following table.
:file_names 3;
    "N/A";
    "<interactive>";
    "ex04.v";
