#! /c/Source/iverilog-install/bin/vvp
:ivl_version "12.0 (devel)" "(s20150603-1539-g2693dd32b)";
:ivl_delay_selection "TYPICAL";
:vpi_time_precision + 0;
:vpi_module "C:\iverilog\lib\ivl\system.vpi";
:vpi_module "C:\iverilog\lib\ivl\vhdl_sys.vpi";
:vpi_module "C:\iverilog\lib\ivl\vhdl_textio.vpi";
:vpi_module "C:\iverilog\lib\ivl\v2005_math.vpi";
:vpi_module "C:\iverilog\lib\ivl\va_math.vpi";
S_000002a734332830 .scope module, "simpledflop" "simpledflop" 2 1;
 .timescale 0 0;
    .port_info 0 /INPUT 1 "clk";
    .port_info 1 /INPUT 1 "a";
    .port_info 2 /INPUT 1 "reset";
    .port_info 3 /OUTPUT 1 "p";
o000002a734366908 .functor BUFZ 1, C4<z>; HiZ drive
v000002a734332fa0_0 .net "a", 0 0, o000002a734366908;  0 drivers
o000002a734366938 .functor BUFZ 1, C4<z>; HiZ drive
v000002a734332d80_0 .net "clk", 0 0, o000002a734366938;  0 drivers
v000002a7343329c0_0 .var "p", 0 0;
o000002a734366998 .functor BUFZ 1, C4<z>; HiZ drive
v000002a734332a60_0 .net "reset", 0 0, o000002a734366998;  0 drivers
E_000002a734364870 .event posedge, v000002a734332d80_0;
    .scope S_000002a734332830;
T_0 ;
    %wait E_000002a734364870;
    %load/vec4 v000002a734332a60_0;
    %flag_set/vec4 8;
    %jmp/0xz  T_0.0, 8;
    %pushi/vec4 0, 0, 1;
    %assign/vec4 v000002a7343329c0_0, 0;
    %jmp T_0.1;
T_0.0 ;
    %load/vec4 v000002a734332fa0_0;
    %assign/vec4 v000002a7343329c0_0, 0;
T_0.1 ;
    %jmp T_0;
    .thread T_0;
# The file index is used to find the file name in the following table.
:file_names 3;
    "N/A";
    "<interactive>";
    "dflopreset.v";
