#! /c/Source/iverilog-install/bin/vvp
:ivl_version "12.0 (devel)" "(s20150603-1539-g2693dd32b)";
:ivl_delay_selection "TYPICAL";
:vpi_time_precision + 0;
:vpi_module "C:\iverilog\lib\ivl\system.vpi";
:vpi_module "C:\iverilog\lib\ivl\vhdl_sys.vpi";
:vpi_module "C:\iverilog\lib\ivl\vhdl_textio.vpi";
:vpi_module "C:\iverilog\lib\ivl\v2005_math.vpi";
:vpi_module "C:\iverilog\lib\ivl\va_math.vpi";
S_000001864f3d2830 .scope module, "simpledflop" "simpledflop" 2 1;
 .timescale 0 0;
    .port_info 0 /INPUT 1 "clk";
    .port_info 1 /INPUT 1 "a";
    .port_info 2 /INPUT 1 "reset";
    .port_info 3 /INPUT 1 "clear";
    .port_info 4 /INPUT 1 "enable";
    .port_info 5 /OUTPUT 1 "p";
o000001864f406fa8 .functor BUFZ 1, C4<z>; HiZ drive
v000001864f3d2d80_0 .net "a", 0 0, o000001864f406fa8;  0 drivers
o000001864f406fd8 .functor BUFZ 1, C4<z>; HiZ drive
v000001864f3d29c0_0 .net "clear", 0 0, o000001864f406fd8;  0 drivers
o000001864f407008 .functor BUFZ 1, C4<z>; HiZ drive
v000001864f3d2a60_0 .net "clk", 0 0, o000001864f407008;  0 drivers
o000001864f407038 .functor BUFZ 1, C4<z>; HiZ drive
v000001864f3d2b00_0 .net "enable", 0 0, o000001864f407038;  0 drivers
v000001864f3bd440_0 .var "p", 0 0;
o000001864f407098 .functor BUFZ 1, C4<z>; HiZ drive
v000001864f3bd4e0_0 .net "reset", 0 0, o000001864f407098;  0 drivers
E_000001864f3b8ba0 .event posedge, v000001864f3d2a60_0;
    .scope S_000001864f3d2830;
T_0 ;
    %wait E_000001864f3b8ba0;
    %load/vec4 v000001864f3bd4e0_0;
    %flag_set/vec4 8;
    %jmp/0xz  T_0.0, 8;
    %pushi/vec4 0, 0, 1;
    %assign/vec4 v000001864f3bd440_0, 0;
    %jmp T_0.1;
T_0.0 ;
    %load/vec4 v000001864f3d29c0_0;
    %cmpi/e 0, 0, 1;
    %jmp/0xz  T_0.2, 4;
    %pushi/vec4 0, 0, 1;
    %assign/vec4 v000001864f3bd440_0, 0;
    %jmp T_0.3;
T_0.2 ;
    %load/vec4 v000001864f3d2b00_0;
    %flag_set/vec4 8;
    %jmp/0xz  T_0.4, 8;
    %load/vec4 v000001864f3d2d80_0;
    %assign/vec4 v000001864f3bd440_0, 0;
T_0.4 ;
T_0.3 ;
T_0.1 ;
    %jmp T_0;
    .thread T_0;
# The file index is used to find the file name in the following table.
:file_names 3;
    "N/A";
    "<interactive>";
    "dflopenclr.v";
