#! /c/Source/iverilog-install/bin/vvp
:ivl_version "12.0 (devel)" "(s20150603-1539-g2693dd32b)";
:ivl_delay_selection "TYPICAL";
:vpi_time_precision + 0;
:vpi_module "C:\iverilog\lib\ivl\system.vpi";
:vpi_module "C:\iverilog\lib\ivl\vhdl_sys.vpi";
:vpi_module "C:\iverilog\lib\ivl\vhdl_textio.vpi";
:vpi_module "C:\iverilog\lib\ivl\v2005_math.vpi";
:vpi_module "C:\iverilog\lib\ivl\va_math.vpi";
S_00000217a8b5bbf0 .scope module, "statemachine" "statemachine" 2 1;
 .timescale 0 0;
    .port_info 0 /INPUT 1 "clk";
    .port_info 1 /INPUT 1 "reset";
    .port_info 2 /INPUT 1 "go";
    .port_info 3 /INPUT 1 "kill";
    .port_info 4 /OUTPUT 1 "done";
P_00000217a8992720 .param/l "abort" 0 2 15, C4<11>;
P_00000217a8992758 .param/l "active" 0 2 13, C4<01>;
P_00000217a8992790 .param/l "finish" 0 2 14, C4<10>;
P_00000217a89927c8 .param/l "idel" 0 2 12, C4<00>;
o00000217a89c7f98 .functor BUFZ 1, C4<z>; HiZ drive
v00000217a8b5bd80_0 .net "clk", 0 0, o00000217a89c7f98;  0 drivers
v00000217a8992810_0 .var "count", 6 0;
v00000217a89928b0_0 .var "done", 0 0;
o00000217a89c8028 .functor BUFZ 1, C4<z>; HiZ drive
v00000217a8992950_0 .net "go", 0 0, o00000217a89c8028;  0 drivers
o00000217a89c8058 .functor BUFZ 1, C4<z>; HiZ drive
v00000217a89929f0_0 .net "kill", 0 0, o00000217a89c8058;  0 drivers
o00000217a89c8088 .functor BUFZ 1, C4<z>; HiZ drive
v00000217a8992a90_0 .net "reset", 0 0, o00000217a89c8088;  0 drivers
v00000217a89c4550_0 .var "state_reg", 1 0;
E_00000217a8b58be0 .event posedge, v00000217a8992a90_0, v00000217a8b5bd80_0;
    .scope S_00000217a8b5bbf0;
T_0 ;
    %wait E_00000217a8b58be0;
    %load/vec4 v00000217a8992a90_0;
    %flag_set/vec4 8;
    %jmp/0xz  T_0.0, 8;
    %pushi/vec4 0, 0, 2;
    %store/vec4 v00000217a89c4550_0, 0, 2;
    %jmp T_0.1;
T_0.0 ;
    %load/vec4 v00000217a89c4550_0;
    %dup/vec4;
    %pushi/vec4 0, 0, 2;
    %cmp/u;
    %jmp/1 T_0.2, 6;
    %dup/vec4;
    %pushi/vec4 1, 0, 2;
    %cmp/u;
    %jmp/1 T_0.3, 6;
    %dup/vec4;
    %pushi/vec4 2, 0, 2;
    %cmp/u;
    %jmp/1 T_0.4, 6;
    %dup/vec4;
    %pushi/vec4 3, 0, 2;
    %cmp/u;
    %jmp/1 T_0.5, 6;
    %pushi/vec4 0, 0, 2;
    %assign/vec4 v00000217a89c4550_0, 0;
    %jmp T_0.7;
T_0.2 ;
    %load/vec4 v00000217a8992950_0;
    %flag_set/vec4 8;
    %jmp/0xz  T_0.8, 8;
    %pushi/vec4 1, 0, 2;
    %assign/vec4 v00000217a89c4550_0, 0;
T_0.8 ;
    %jmp T_0.7;
T_0.3 ;
    %load/vec4 v00000217a89929f0_0;
    %flag_set/vec4 8;
    %jmp/0xz  T_0.10, 8;
    %pushi/vec4 3, 0, 2;
    %assign/vec4 v00000217a89c4550_0, 0;
    %jmp T_0.11;
T_0.10 ;
    %load/vec4 v00000217a8992810_0;
    %cmpi/e 100, 0, 7;
    %jmp/0xz  T_0.12, 4;
    %pushi/vec4 2, 0, 2;
    %assign/vec4 v00000217a89c4550_0, 0;
T_0.12 ;
T_0.11 ;
    %jmp T_0.7;
T_0.4 ;
    %pushi/vec4 0, 0, 2;
    %assign/vec4 v00000217a89c4550_0, 0;
    %jmp T_0.7;
T_0.5 ;
    %load/vec4 v00000217a89929f0_0;
    %flag_set/vec4 8;
    %jmp/0xz  T_0.14, 8;
    %pushi/vec4 0, 0, 2;
    %assign/vec4 v00000217a89c4550_0, 0;
T_0.14 ;
    %jmp T_0.7;
T_0.7 ;
    %pop/vec4 1;
T_0.1 ;
    %jmp T_0;
    .thread T_0;
    .scope S_00000217a8b5bbf0;
T_1 ;
    %wait E_00000217a8b58be0;
    %load/vec4 v00000217a8992a90_0;
    %flag_set/vec4 8;
    %jmp/0xz  T_1.0, 8;
    %pushi/vec4 0, 0, 7;
    %assign/vec4 v00000217a8992810_0, 0;
    %jmp T_1.1;
T_1.0 ;
    %load/vec4 v00000217a89c4550_0;
    %cmpi/e 2, 0, 2;
    %jmp/1 T_1.4, 4;
    %flag_mov 8, 4;
    %load/vec4 v00000217a89c4550_0;
    %cmpi/e 3, 0, 2;
    %flag_or 4, 8;
T_1.4;
    %jmp/0xz  T_1.2, 4;
    %pushi/vec4 0, 0, 7;
    %assign/vec4 v00000217a8992810_0, 0;
    %jmp T_1.3;
T_1.2 ;
    %load/vec4 v00000217a89c4550_0;
    %cmpi/e 1, 0, 2;
    %jmp/0xz  T_1.5, 4;
    %load/vec4 v00000217a8992810_0;
    %addi 1, 0, 7;
    %assign/vec4 v00000217a8992810_0, 0;
T_1.5 ;
T_1.3 ;
T_1.1 ;
    %jmp T_1;
    .thread T_1;
    .scope S_00000217a8b5bbf0;
T_2 ;
    %wait E_00000217a8b58be0;
    %load/vec4 v00000217a8992a90_0;
    %flag_set/vec4 8;
    %jmp/0xz  T_2.0, 8;
    %pushi/vec4 0, 0, 1;
    %assign/vec4 v00000217a89928b0_0, 0;
    %jmp T_2.1;
T_2.0 ;
    %load/vec4 v00000217a89c4550_0;
    %cmpi/e 2, 0, 2;
    %jmp/0xz  T_2.2, 4;
    %pushi/vec4 1, 0, 1;
    %store/vec4 v00000217a89928b0_0, 0, 1;
    %jmp T_2.3;
T_2.2 ;
    %pushi/vec4 0, 0, 1;
    %store/vec4 v00000217a89928b0_0, 0, 1;
T_2.3 ;
T_2.1 ;
    %jmp T_2;
    .thread T_2;
# The file index is used to find the file name in the following table.
:file_names 3;
    "N/A";
    "<interactive>";
    "statemachine.v";
