#! /c/Source/iverilog-install/bin/vvp
:ivl_version "12.0 (devel)" "(s20150603-1539-g2693dd32b)";
:ivl_delay_selection "TYPICAL";
:vpi_time_precision + 0;
:vpi_module "C:\iverilog\lib\ivl\system.vpi";
:vpi_module "C:\iverilog\lib\ivl\vhdl_sys.vpi";
:vpi_module "C:\iverilog\lib\ivl\vhdl_textio.vpi";
:vpi_module "C:\iverilog\lib\ivl\v2005_math.vpi";
:vpi_module "C:\iverilog\lib\ivl\va_math.vpi";
S_0000023c29012720 .scope module, "ex02" "ex02" 2 1;
 .timescale 0 0;
    .port_info 0 /INPUT 1 "A";
    .port_info 1 /INPUT 1 "B";
    .port_info 2 /INPUT 1 "C";
    .port_info 3 /OUTPUT 1 "P";
    .port_info 4 /OUTPUT 1 "Q";
o0000023c29046fa8 .functor BUFZ 1, C4<z>; HiZ drive
o0000023c29046fd8 .functor BUFZ 1, C4<z>; HiZ drive
L_0000023c290468f0 .functor AND 1, o0000023c29046fa8, o0000023c29046fd8, C4<1>, C4<1>;
o0000023c29047008 .functor BUFZ 1, C4<z>; HiZ drive
L_0000023c29046bc0 .functor AND 1, L_0000023c290468f0, o0000023c29047008, C4<1>, C4<1>;
v0000023c29012f80_0 .net "A", 0 0, o0000023c29046fa8;  0 drivers
v0000023c29046b20_0 .net "B", 0 0, o0000023c29046fd8;  0 drivers
v0000023c29046850_0 .net "C", 0 0, o0000023c29047008;  0 drivers
v0000023c28ffed20_0 .net "P", 0 0, L_0000023c29046bc0;  1 drivers
v0000023c28ffedc0_0 .net "Q", 0 0, L_0000023c28ffef00;  1 drivers
v0000023c28ffee60_0 .net "in", 0 0, L_0000023c290468f0;  1 drivers
L_0000023c28ffef00 .arith/sum 1, L_0000023c290468f0, o0000023c29047008;
# The file index is used to find the file name in the following table.
:file_names 3;
    "N/A";
    "<interactive>";
    "ex02.v";
