#! /c/Source/iverilog-install/bin/vvp
:ivl_version "12.0 (devel)" "(s20150603-1539-g2693dd32b)";
:ivl_delay_selection "TYPICAL";
:vpi_time_precision + 0;
:vpi_module "C:\iverilog\lib\ivl\system.vpi";
:vpi_module "C:\iverilog\lib\ivl\vhdl_sys.vpi";
:vpi_module "C:\iverilog\lib\ivl\vhdl_textio.vpi";
:vpi_module "C:\iverilog\lib\ivl\v2005_math.vpi";
:vpi_module "C:\iverilog\lib\ivl\va_math.vpi";
S_00000254b3b626e0 .scope module, "comp10" "comp10" 2 1;
 .timescale 0 0;
    .port_info 0 /INPUT 1 "x";
    .port_info 1 /INPUT 1 "y";
    .port_info 2 /OUTPUT 1 "z";
o00000254b3b969e8 .functor BUFZ 1, C4<z>; HiZ drive
L_00000254b3b62af0 .functor NOT 1, o00000254b3b969e8, C4<0>, C4<0>, C4<0>;
o00000254b3b96a18 .functor BUFZ 1, C4<z>; HiZ drive
L_00000254b3b62d40 .functor NOT 1, o00000254b3b96a18, C4<0>, C4<0>, C4<0>;
L_00000254b3c5d840 .functor AND 1, L_00000254b3b62af0, L_00000254b3b62d40, C4<1>, C4<1>;
L_00000254b3c5d8b0 .functor AND 1, o00000254b3b969e8, o00000254b3b96a18, C4<1>, C4<1>;
L_00000254b3c5d920 .functor OR 1, L_00000254b3c5d840, L_00000254b3c5d8b0, C4<0>, C4<0>;
v00000254b3b62f60_0 .net *"_ivl_0", 0 0, L_00000254b3b62af0;  1 drivers
v00000254b3b63180_0 .net *"_ivl_2", 0 0, L_00000254b3b62d40;  1 drivers
v00000254b3b62870_0 .net *"_ivl_4", 0 0, L_00000254b3c5d840;  1 drivers
v00000254b3b62910_0 .net *"_ivl_6", 0 0, L_00000254b3c5d8b0;  1 drivers
v00000254b3b629b0_0 .net "x", 0 0, o00000254b3b969e8;  0 drivers
v00000254b3b62a50_0 .net "y", 0 0, o00000254b3b96a18;  0 drivers
v00000254b3c5d7a0_0 .net "z", 0 0, L_00000254b3c5d920;  1 drivers
# The file index is used to find the file name in the following table.
:file_names 3;
    "N/A";
    "<interactive>";
    "comp10.v";
