#! /c/Source/iverilog-install/bin/vvp
:ivl_version "12.0 (devel)" "(s20150603-1539-g2693dd32b)";
:ivl_delay_selection "TYPICAL";
:vpi_time_precision - 12;
:vpi_module "C:\iverilog\lib\ivl\system.vpi";
:vpi_module "C:\iverilog\lib\ivl\vhdl_sys.vpi";
:vpi_module "C:\iverilog\lib\ivl\vhdl_textio.vpi";
:vpi_module "C:\iverilog\lib\ivl\v2005_math.vpi";
:vpi_module "C:\iverilog\lib\ivl\va_math.vpi";
S_0000016dec569810 .scope module, "comp10tb" "comp10tb" 2 4;
 .timescale -9 -12;
v0000016dec475330_0 .var "x", 0 0;
v0000016dec4753d0_0 .var "y", 0 0;
v0000016dec475470_0 .net "z", 0 0, L_0000016dec473230;  1 drivers
S_0000016dec475100 .scope module, "uut" "comp10" 2 10, 3 1 0, S_0000016dec569810;
 .timescale -9 -12;
    .port_info 0 /INPUT 1 "x";
    .port_info 1 /INPUT 1 "y";
    .port_info 2 /OUTPUT 1 "z";
L_0000016dec475510 .functor NOT 1, v0000016dec475330_0, C4<0>, C4<0>, C4<0>;
L_0000016dec56bf00 .functor NOT 1, v0000016dec4753d0_0, C4<0>, C4<0>, C4<0>;
L_0000016dec442da0 .functor AND 1, L_0000016dec475510, L_0000016dec56bf00, C4<1>, C4<1>;
L_0000016dec4431e0 .functor AND 1, v0000016dec475330_0, v0000016dec4753d0_0, C4<1>, C4<1>;
L_0000016dec473230 .functor OR 1, L_0000016dec442da0, L_0000016dec4431e0, C4<0>, C4<0>;
v0000016dec442fc0_0 .net *"_ivl_0", 0 0, L_0000016dec475510;  1 drivers
v0000016dec442b40_0 .net *"_ivl_2", 0 0, L_0000016dec56bf00;  1 drivers
v0000016dec569660_0 .net *"_ivl_4", 0 0, L_0000016dec442da0;  1 drivers
v0000016dec56be60_0 .net *"_ivl_6", 0 0, L_0000016dec4431e0;  1 drivers
v0000016dec5699a0_0 .net "x", 0 0, v0000016dec475330_0;  1 drivers
v0000016dec569a40_0 .net "y", 0 0, v0000016dec4753d0_0;  1 drivers
v0000016dec475290_0 .net "z", 0 0, L_0000016dec473230;  alias, 1 drivers
    .scope S_0000016dec569810;
T_0 ;
    %vpi_call 2 13 "$dumpfile", "dump.vcd" {0 0 0};
    %vpi_call 2 14 "$dumpvars" {0 0 0};
    %pushi/vec4 0, 0, 1;
    %store/vec4 v0000016dec475330_0, 0, 1;
    %pushi/vec4 0, 0, 1;
    %store/vec4 v0000016dec4753d0_0, 0, 1;
    %delay 20000, 0;
    %pushi/vec4 1, 0, 1;
    %store/vec4 v0000016dec475330_0, 0, 1;
    %delay 20000, 0;
    %pushi/vec4 1, 0, 1;
    %store/vec4 v0000016dec4753d0_0, 0, 1;
    %delay 20000, 0;
    %pushi/vec4 0, 0, 1;
    %store/vec4 v0000016dec475330_0, 0, 1;
    %delay 20000, 0;
    %pushi/vec4 0, 0, 1;
    %store/vec4 v0000016dec4753d0_0, 0, 1;
    %delay 40000, 0;
    %end;
    .thread T_0;
    .scope S_0000016dec569810;
T_1 ;
    %vpi_call 2 24 "$monitor", "time =%2d x=%d y=%d z=%d", $time, v0000016dec475330_0, v0000016dec4753d0_0, v0000016dec475470_0 {0 0 0};
    %end;
    .thread T_1;
# The file index is used to find the file name in the following table.
:file_names 4;
    "N/A";
    "<interactive>";
    "comp10tb.v";
    "./comp10.v";
