#! /c/Source/iverilog-install/bin/vvp
:ivl_version "12.0 (devel)" "(s20150603-1539-g2693dd32b)";
:ivl_delay_selection "TYPICAL";
:vpi_time_precision - 12;
:vpi_module "C:\iverilog\lib\ivl\system.vpi";
:vpi_module "C:\iverilog\lib\ivl\vhdl_sys.vpi";
:vpi_module "C:\iverilog\lib\ivl\vhdl_textio.vpi";
:vpi_module "C:\iverilog\lib\ivl\v2005_math.vpi";
:vpi_module "C:\iverilog\lib\ivl\va_math.vpi";
S_000001d6d84ca630 .scope module, "comp11tb" "comp11tb" 2 4;
 .timescale -9 -12;
v000001d6d8652760_0 .var "x", 0 0;
v000001d6d8652800_0 .var "y", 0 0;
v000001d6d86528a0_0 .net "z", 0 0, L_000001d6d8682a40;  1 drivers
S_000001d6d84cbb50 .scope module, "uut" "comp11" 2 10, 3 4 0, S_000001d6d84ca630;
 .timescale -9 -12;
    .port_info 0 /INPUT 1 "x";
    .port_info 1 /INPUT 1 "y";
    .port_info 2 /OUTPUT 1 "z";
L_000001d6d84ca7c0 .functor AND 1, v000001d6d8652760_0, v000001d6d8652800_0, C4<1>, C4<1>;
L_000001d6d8686b70 .functor NOT 1, v000001d6d8652760_0, C4<0>, C4<0>, C4<0>;
L_000001d6d8653200 .functor NOT 1, v000001d6d8652800_0, C4<0>, C4<0>, C4<0>;
L_000001d6d8682960 .functor AND 1, L_000001d6d8686b70, L_000001d6d8653200, C4<1>, C4<1>;
L_000001d6d8682a40 .functor OR 1, L_000001d6d84ca7c0, L_000001d6d8682960, C4<0>, C4<0>;
v000001d6d8652dc0_0 .net "nx", 0 0, L_000001d6d8686b70;  1 drivers
v000001d6d8652fe0_0 .net "nxany", 0 0, L_000001d6d8682960;  1 drivers
v000001d6d84ca2f0_0 .net "ny", 0 0, L_000001d6d8653200;  1 drivers
v000001d6d84cbce0_0 .net "x", 0 0, v000001d6d8652760_0;  1 drivers
v000001d6d84cbd80_0 .net "xay", 0 0, L_000001d6d84ca7c0;  1 drivers
v000001d6d84cbe20_0 .net "y", 0 0, v000001d6d8652800_0;  1 drivers
v000001d6d84cbec0_0 .net "z", 0 0, L_000001d6d8682a40;  alias, 1 drivers
    .scope S_000001d6d84ca630;
T_0 ;
    %vpi_call 2 13 "$dumpfile", "dump11.vcd" {0 0 0};
    %vpi_call 2 14 "$dumpvars" {0 0 0};
    %pushi/vec4 0, 0, 1;
    %store/vec4 v000001d6d8652760_0, 0, 1;
    %pushi/vec4 0, 0, 1;
    %store/vec4 v000001d6d8652800_0, 0, 1;
    %delay 20000, 0;
    %pushi/vec4 1, 0, 1;
    %store/vec4 v000001d6d8652760_0, 0, 1;
    %delay 20000, 0;
    %pushi/vec4 1, 0, 1;
    %store/vec4 v000001d6d8652800_0, 0, 1;
    %delay 20000, 0;
    %pushi/vec4 0, 0, 1;
    %store/vec4 v000001d6d8652760_0, 0, 1;
    %delay 20000, 0;
    %pushi/vec4 0, 0, 1;
    %store/vec4 v000001d6d8652800_0, 0, 1;
    %delay 40000, 0;
    %end;
    .thread T_0;
    .scope S_000001d6d84ca630;
T_1 ;
    %vpi_call 2 24 "$monitor", "time =%2d x=%d y=%d z=%d", $time, v000001d6d8652760_0, v000001d6d8652800_0, v000001d6d86528a0_0 {0 0 0};
    %end;
    .thread T_1;
# The file index is used to find the file name in the following table.
:file_names 4;
    "N/A";
    "<interactive>";
    "comp11tb.v";
    "./comp11.v";
