#! /c/Source/iverilog-install/bin/vvp
:ivl_version "12.0 (devel)" "(s20150603-1539-g2693dd32b)";
:ivl_delay_selection "TYPICAL";
:vpi_time_precision - 12;
:vpi_module "C:\iverilog\lib\ivl\system.vpi";
:vpi_module "C:\iverilog\lib\ivl\vhdl_sys.vpi";
:vpi_module "C:\iverilog\lib\ivl\vhdl_textio.vpi";
:vpi_module "C:\iverilog\lib\ivl\v2005_math.vpi";
:vpi_module "C:\iverilog\lib\ivl\va_math.vpi";
S_0000028d61c0d450 .scope module, "comp20tb" "comp20tb" 2 4;
 .timescale -9 -12;
v0000028d61c692d0_0 .var "x", 1 0;
v0000028d61c69a50_0 .var "y", 1 0;
v0000028d61c69d70_0 .net "z", 0 0, L_0000028d61c0c230;  1 drivers
S_0000028d61c110f0 .scope module, "uut" "comp20" 2 10, 3 3 0, S_0000028d61c0d450;
 .timescale -9 -12;
    .port_info 0 /INPUT 2 "x";
    .port_info 1 /INPUT 2 "y";
    .port_info 2 /OUTPUT 1 "z";
L_0000028d61c0c4d0 .functor NOT 1, L_0000028d61c69af0, C4<0>, C4<0>, C4<0>;
L_0000028d61c0c620 .functor NOT 1, L_0000028d61c69eb0, C4<0>, C4<0>, C4<0>;
L_0000028d61c0c690 .functor AND 1, L_0000028d61c0c4d0, L_0000028d61c0c620, C4<1>, C4<1>;
L_0000028d61c0bc80 .functor NOT 1, L_0000028d61c68510, C4<0>, C4<0>, C4<0>;
L_0000028d61c0c000 .functor AND 1, L_0000028d61c0c690, L_0000028d61c0bc80, C4<1>, C4<1>;
L_0000028d61c0c3f0 .functor NOT 1, L_0000028d61c69b90, C4<0>, C4<0>, C4<0>;
L_0000028d61c0c460 .functor AND 1, L_0000028d61c0c000, L_0000028d61c0c3f0, C4<1>, C4<1>;
L_0000028d61c0ca10 .functor NOT 1, L_0000028d61c69e10, C4<0>, C4<0>, C4<0>;
L_0000028d61c0c380 .functor AND 1, L_0000028d61c0ca10, L_0000028d61c680b0, C4<1>, C4<1>;
L_0000028d61c0c700 .functor NOT 1, L_0000028d61c68150, C4<0>, C4<0>, C4<0>;
L_0000028d61c0c150 .functor AND 1, L_0000028d61c0c380, L_0000028d61c0c700, C4<1>, C4<1>;
L_0000028d61c0c7e0 .functor AND 1, L_0000028d61c0c150, L_0000028d61c68290, C4<1>, C4<1>;
L_0000028d61c0c540 .functor OR 1, L_0000028d61c0c460, L_0000028d61c0c7e0, C4<0>, C4<0>;
L_0000028d61c0bcf0 .functor AND 1, L_0000028d61c683d0, L_0000028d61c749a0, C4<1>, C4<1>;
L_0000028d61c0c770 .functor AND 1, L_0000028d61c0bcf0, L_0000028d61c74ea0, C4<1>, C4<1>;
L_0000028d61c0c1c0 .functor AND 1, L_0000028d61c0c770, L_0000028d61c75c60, C4<1>, C4<1>;
L_0000028d61c0c9a0 .functor OR 1, L_0000028d61c0c540, L_0000028d61c0c1c0, C4<0>, C4<0>;
L_0000028d61c0c850 .functor NOT 1, L_0000028d61c75580, C4<0>, C4<0>, C4<0>;
L_0000028d61c0bf90 .functor AND 1, L_0000028d61c74e00, L_0000028d61c0c850, C4<1>, C4<1>;
L_0000028d61c0beb0 .functor AND 1, L_0000028d61c0bf90, L_0000028d61c75a80, C4<1>, C4<1>;
L_0000028d61c0c310 .functor NOT 1, L_0000028d61c74a40, C4<0>, C4<0>, C4<0>;
L_0000028d61c0c0e0 .functor AND 1, L_0000028d61c0beb0, L_0000028d61c0c310, C4<1>, C4<1>;
L_0000028d61c0c230 .functor OR 1, L_0000028d61c0c9a0, L_0000028d61c0c0e0, C4<0>, C4<0>;
v0000028d61c087c0_0 .net *"_ivl_1", 0 0, L_0000028d61c69af0;  1 drivers
v0000028d61c08900_0 .net *"_ivl_11", 0 0, L_0000028d61c68510;  1 drivers
v0000028d61c08860_0 .net *"_ivl_12", 0 0, L_0000028d61c0bc80;  1 drivers
v0000028d61c69410_0 .net *"_ivl_14", 0 0, L_0000028d61c0c000;  1 drivers
v0000028d61c68c90_0 .net *"_ivl_17", 0 0, L_0000028d61c69b90;  1 drivers
v0000028d61c697d0_0 .net *"_ivl_18", 0 0, L_0000028d61c0c3f0;  1 drivers
v0000028d61c68830_0 .net *"_ivl_2", 0 0, L_0000028d61c0c4d0;  1 drivers
v0000028d61c68ab0_0 .net *"_ivl_20", 0 0, L_0000028d61c0c460;  1 drivers
v0000028d61c69730_0 .net *"_ivl_23", 0 0, L_0000028d61c69e10;  1 drivers
v0000028d61c68650_0 .net *"_ivl_24", 0 0, L_0000028d61c0ca10;  1 drivers
v0000028d61c69910_0 .net *"_ivl_27", 0 0, L_0000028d61c680b0;  1 drivers
v0000028d61c694b0_0 .net *"_ivl_28", 0 0, L_0000028d61c0c380;  1 drivers
v0000028d61c686f0_0 .net *"_ivl_31", 0 0, L_0000028d61c68150;  1 drivers
v0000028d61c68790_0 .net *"_ivl_32", 0 0, L_0000028d61c0c700;  1 drivers
v0000028d61c69370_0 .net *"_ivl_34", 0 0, L_0000028d61c0c150;  1 drivers
v0000028d61c685b0_0 .net *"_ivl_37", 0 0, L_0000028d61c68290;  1 drivers
v0000028d61c69550_0 .net *"_ivl_38", 0 0, L_0000028d61c0c7e0;  1 drivers
v0000028d61c688d0_0 .net *"_ivl_40", 0 0, L_0000028d61c0c540;  1 drivers
v0000028d61c68d30_0 .net *"_ivl_43", 0 0, L_0000028d61c683d0;  1 drivers
v0000028d61c68970_0 .net *"_ivl_45", 0 0, L_0000028d61c749a0;  1 drivers
v0000028d61c68a10_0 .net *"_ivl_46", 0 0, L_0000028d61c0bcf0;  1 drivers
v0000028d61c695f0_0 .net *"_ivl_49", 0 0, L_0000028d61c74ea0;  1 drivers
v0000028d61c68f10_0 .net *"_ivl_5", 0 0, L_0000028d61c69eb0;  1 drivers
v0000028d61c69c30_0 .net *"_ivl_50", 0 0, L_0000028d61c0c770;  1 drivers
v0000028d61c68b50_0 .net *"_ivl_53", 0 0, L_0000028d61c75c60;  1 drivers
v0000028d61c68bf0_0 .net *"_ivl_54", 0 0, L_0000028d61c0c1c0;  1 drivers
v0000028d61c69870_0 .net *"_ivl_56", 0 0, L_0000028d61c0c9a0;  1 drivers
v0000028d61c68dd0_0 .net *"_ivl_59", 0 0, L_0000028d61c74e00;  1 drivers
v0000028d61c68e70_0 .net *"_ivl_6", 0 0, L_0000028d61c0c620;  1 drivers
v0000028d61c68fb0_0 .net *"_ivl_61", 0 0, L_0000028d61c75580;  1 drivers
v0000028d61c69050_0 .net *"_ivl_62", 0 0, L_0000028d61c0c850;  1 drivers
v0000028d61c69690_0 .net *"_ivl_64", 0 0, L_0000028d61c0bf90;  1 drivers
v0000028d61c681f0_0 .net *"_ivl_67", 0 0, L_0000028d61c75a80;  1 drivers
v0000028d61c690f0_0 .net *"_ivl_68", 0 0, L_0000028d61c0beb0;  1 drivers
v0000028d61c69cd0_0 .net *"_ivl_71", 0 0, L_0000028d61c74a40;  1 drivers
v0000028d61c69190_0 .net *"_ivl_72", 0 0, L_0000028d61c0c310;  1 drivers
v0000028d61c69f50_0 .net *"_ivl_74", 0 0, L_0000028d61c0c0e0;  1 drivers
v0000028d61c68330_0 .net *"_ivl_8", 0 0, L_0000028d61c0c690;  1 drivers
v0000028d61c69230_0 .net "x", 1 0, v0000028d61c692d0_0;  1 drivers
v0000028d61c68470_0 .net "y", 1 0, v0000028d61c69a50_0;  1 drivers
v0000028d61c699b0_0 .net "z", 0 0, L_0000028d61c0c230;  alias, 1 drivers
L_0000028d61c69af0 .part v0000028d61c692d0_0, 0, 1;
L_0000028d61c69eb0 .part v0000028d61c692d0_0, 1, 1;
L_0000028d61c68510 .part v0000028d61c69a50_0, 0, 1;
L_0000028d61c69b90 .part v0000028d61c69a50_0, 1, 1;
L_0000028d61c69e10 .part v0000028d61c692d0_0, 0, 1;
L_0000028d61c680b0 .part v0000028d61c692d0_0, 1, 1;
L_0000028d61c68150 .part v0000028d61c69a50_0, 0, 1;
L_0000028d61c68290 .part v0000028d61c69a50_0, 1, 1;
L_0000028d61c683d0 .part v0000028d61c692d0_0, 0, 1;
L_0000028d61c749a0 .part v0000028d61c692d0_0, 1, 1;
L_0000028d61c74ea0 .part v0000028d61c69a50_0, 0, 1;
L_0000028d61c75c60 .part v0000028d61c69a50_0, 1, 1;
L_0000028d61c74e00 .part v0000028d61c692d0_0, 0, 1;
L_0000028d61c75580 .part v0000028d61c692d0_0, 1, 1;
L_0000028d61c75a80 .part v0000028d61c69a50_0, 0, 1;
L_0000028d61c74a40 .part v0000028d61c69a50_0, 1, 1;
    .scope S_0000028d61c0d450;
T_0 ;
    %vpi_call 2 13 "$dumpfile", "dumpCom20.vcd" {0 0 0};
    %vpi_call 2 14 "$dumpvars" {0 0 0};
    %pushi/vec4 0, 0, 2;
    %store/vec4 v0000028d61c692d0_0, 0, 2;
    %pushi/vec4 0, 0, 2;
    %store/vec4 v0000028d61c69a50_0, 0, 2;
    %delay 20000, 0;
    %pushi/vec4 1, 0, 2;
    %store/vec4 v0000028d61c69a50_0, 0, 2;
    %delay 20000, 0;
    %pushi/vec4 2, 0, 2;
    %store/vec4 v0000028d61c69a50_0, 0, 2;
    %delay 20000, 0;
    %pushi/vec4 3, 0, 2;
    %store/vec4 v0000028d61c69a50_0, 0, 2;
    %delay 20000, 0;
    %pushi/vec4 1, 0, 2;
    %store/vec4 v0000028d61c692d0_0, 0, 2;
    %pushi/vec4 0, 0, 2;
    %store/vec4 v0000028d61c69a50_0, 0, 2;
    %delay 20000, 0;
    %pushi/vec4 1, 0, 2;
    %store/vec4 v0000028d61c69a50_0, 0, 2;
    %delay 20000, 0;
    %pushi/vec4 2, 0, 2;
    %store/vec4 v0000028d61c69a50_0, 0, 2;
    %delay 20000, 0;
    %pushi/vec4 3, 0, 2;
    %store/vec4 v0000028d61c69a50_0, 0, 2;
    %delay 20000, 0;
    %pushi/vec4 2, 0, 2;
    %store/vec4 v0000028d61c692d0_0, 0, 2;
    %pushi/vec4 0, 0, 2;
    %store/vec4 v0000028d61c69a50_0, 0, 2;
    %delay 20000, 0;
    %pushi/vec4 1, 0, 2;
    %store/vec4 v0000028d61c69a50_0, 0, 2;
    %delay 20000, 0;
    %pushi/vec4 2, 0, 2;
    %store/vec4 v0000028d61c69a50_0, 0, 2;
    %delay 20000, 0;
    %pushi/vec4 3, 0, 2;
    %store/vec4 v0000028d61c69a50_0, 0, 2;
    %delay 20000, 0;
    %pushi/vec4 3, 0, 2;
    %store/vec4 v0000028d61c692d0_0, 0, 2;
    %pushi/vec4 0, 0, 2;
    %store/vec4 v0000028d61c69a50_0, 0, 2;
    %delay 20000, 0;
    %pushi/vec4 1, 0, 2;
    %store/vec4 v0000028d61c69a50_0, 0, 2;
    %delay 20000, 0;
    %pushi/vec4 2, 0, 2;
    %store/vec4 v0000028d61c69a50_0, 0, 2;
    %delay 20000, 0;
    %pushi/vec4 3, 0, 2;
    %store/vec4 v0000028d61c69a50_0, 0, 2;
    %end;
    .thread T_0;
    .scope S_0000028d61c0d450;
T_1 ;
    %vpi_call 2 39 "$monitor", "time =%2d x=%2b y=%2b z=%b", $time, v0000028d61c692d0_0, v0000028d61c69a50_0, v0000028d61c69d70_0 {0 0 0};
    %end;
    .thread T_1;
# The file index is used to find the file name in the following table.
:file_names 4;
    "N/A";
    "<interactive>";
    "comp20tb.v";
    "./comp20.v";
