#! /c/Source/iverilog-install/bin/vvp
:ivl_version "12.0 (devel)" "(s20150603-1539-g2693dd32b)";
:ivl_delay_selection "TYPICAL";
:vpi_time_precision - 12;
:vpi_module "C:\iverilog\lib\ivl\system.vpi";
:vpi_module "C:\iverilog\lib\ivl\vhdl_sys.vpi";
:vpi_module "C:\iverilog\lib\ivl\vhdl_textio.vpi";
:vpi_module "C:\iverilog\lib\ivl\v2005_math.vpi";
:vpi_module "C:\iverilog\lib\ivl\va_math.vpi";
S_000001f8d26a9a90 .scope module, "comp11tb" "comp11tb" 2 4;
 .timescale -9 -12;
v000001f8d26a97d0_0 .var "x", 0 0;
v000001f8d26a6dd0_0 .var "y", 0 0;
v000001f8d26a6e70_0 .net "z", 0 0, v000001f8d26a74c0_0;  1 drivers
S_000001f8d26a6c40 .scope module, "uut" "comp12" 2 10, 3 4 0, S_000001f8d26a9a90;
 .timescale -9 -12;
    .port_info 0 /INPUT 1 "x";
    .port_info 1 /INPUT 1 "y";
    .port_info 2 /OUTPUT 1 "z";
v000001f8d26a72a0_0 .net "x", 0 0, v000001f8d26a97d0_0;  1 drivers
v000001f8d2885f50_0 .net "y", 0 0, v000001f8d26a6dd0_0;  1 drivers
v000001f8d26a74c0_0 .var "z", 0 0;
E_000001f8d26ac430 .event anyedge, v000001f8d2885f50_0, v000001f8d26a72a0_0;
    .scope S_000001f8d26a6c40;
T_0 ;
    %wait E_000001f8d26ac430;
    %load/vec4 v000001f8d26a72a0_0;
    %load/vec4 v000001f8d2885f50_0;
    %cmp/e;
    %jmp/0xz  T_0.0, 4;
    %pushi/vec4 1, 0, 1;
    %cassign/vec4 v000001f8d26a74c0_0;
    %jmp T_0.1;
T_0.0 ;
    %pushi/vec4 0, 0, 1;
    %cassign/vec4 v000001f8d26a74c0_0;
T_0.1 ;
    %jmp T_0;
    .thread T_0, $push;
    .scope S_000001f8d26a9a90;
T_1 ;
    %vpi_call 2 13 "$dumpfile", "dump.vcd" {0 0 0};
    %vpi_call 2 14 "$dumpvars" {0 0 0};
    %pushi/vec4 0, 0, 1;
    %store/vec4 v000001f8d26a97d0_0, 0, 1;
    %pushi/vec4 0, 0, 1;
    %store/vec4 v000001f8d26a6dd0_0, 0, 1;
    %delay 20000, 0;
    %pushi/vec4 1, 0, 1;
    %store/vec4 v000001f8d26a97d0_0, 0, 1;
    %delay 20000, 0;
    %pushi/vec4 1, 0, 1;
    %store/vec4 v000001f8d26a6dd0_0, 0, 1;
    %delay 20000, 0;
    %pushi/vec4 0, 0, 1;
    %store/vec4 v000001f8d26a97d0_0, 0, 1;
    %delay 20000, 0;
    %pushi/vec4 0, 0, 1;
    %store/vec4 v000001f8d26a6dd0_0, 0, 1;
    %delay 40000, 0;
    %end;
    .thread T_1;
    .scope S_000001f8d26a9a90;
T_2 ;
    %vpi_call 2 24 "$monitor", "time =%2d x=%d y=%d z=%d", $time, v000001f8d26a97d0_0, v000001f8d26a6dd0_0, v000001f8d26a6e70_0 {0 0 0};
    %end;
    .thread T_2;
# The file index is used to find the file name in the following table.
:file_names 4;
    "N/A";
    "<interactive>";
    "comp12tb.v";
    "./comp12.v";
