#! /c/Source/iverilog-install/bin/vvp
:ivl_version "12.0 (devel)" "(s20150603-1539-g2693dd32b)";
:ivl_delay_selection "TYPICAL";
:vpi_time_precision - 12;
:vpi_module "C:\iverilog\lib\ivl\system.vpi";
:vpi_module "C:\iverilog\lib\ivl\vhdl_sys.vpi";
:vpi_module "C:\iverilog\lib\ivl\vhdl_textio.vpi";
:vpi_module "C:\iverilog\lib\ivl\v2005_math.vpi";
:vpi_module "C:\iverilog\lib\ivl\va_math.vpi";
S_000002c6474b8d70 .scope module, "comp13tb" "comp13tb" 2 4;
 .timescale -9 -12;
v000002c6474b8f00_0 .var "x", 0 0;
v000002c6474b8fa0_0 .var "y", 0 0;
v000002c647505640_0 .net "z", 0 0, L_000002c6474b76e0;  1 drivers
S_000002c6475054b0 .scope module, "uut" "comp13" 2 10, 3 4 0, S_000002c6474b8d70;
 .timescale -9 -12;
    .port_info 0 /INPUT 1 "x";
    .port_info 1 /INPUT 1 "y";
    .port_info 2 /OUTPUT 1 "z";
UDP_compare .udp/comb "compare", 2
 ,"001"
 ,"011"
 ,"101"
 ,"111";
L_000002c6474b76e0 .udp UDP_compare, v000002c6474b8f00_0, v000002c6474b8fa0_0;
v000002c6474b72a0_0 .net "x", 0 0, v000002c6474b8f00_0;  1 drivers
v000002c6474b74c0_0 .net "y", 0 0, v000002c6474b8fa0_0;  1 drivers
v000002c6474b8830_0 .net "z", 0 0, L_000002c6474b76e0;  alias, 1 drivers
    .scope S_000002c6474b8d70;
T_0 ;
    %vpi_call 2 13 "$dumpfile", "dump.vcd" {0 0 0};
    %vpi_call 2 14 "$dumpvars" {0 0 0};
    %pushi/vec4 0, 0, 1;
    %store/vec4 v000002c6474b8f00_0, 0, 1;
    %pushi/vec4 0, 0, 1;
    %store/vec4 v000002c6474b8fa0_0, 0, 1;
    %delay 20000, 0;
    %pushi/vec4 1, 0, 1;
    %store/vec4 v000002c6474b8f00_0, 0, 1;
    %delay 20000, 0;
    %pushi/vec4 1, 0, 1;
    %store/vec4 v000002c6474b8fa0_0, 0, 1;
    %delay 20000, 0;
    %pushi/vec4 0, 0, 1;
    %store/vec4 v000002c6474b8f00_0, 0, 1;
    %delay 20000, 0;
    %pushi/vec4 0, 0, 1;
    %store/vec4 v000002c6474b8fa0_0, 0, 1;
    %delay 40000, 0;
    %end;
    .thread T_0;
    .scope S_000002c6474b8d70;
T_1 ;
    %vpi_call 2 24 "$monitor", "time =%2d x=%d y=%d z=%d", $time, v000002c6474b8f00_0, v000002c6474b8fa0_0, v000002c647505640_0 {0 0 0};
    %end;
    .thread T_1;
# The file index is used to find the file name in the following table.
:file_names 4;
    "N/A";
    "<interactive>";
    "comp13tb.v";
    "./comp13.v";
