#! /c/Source/iverilog-install/bin/vvp
:ivl_version "12.0 (devel)" "(s20150603-1539-g2693dd32b)";
:ivl_delay_selection "TYPICAL";
:vpi_time_precision + 0;
:vpi_module "C:\iverilog\lib\ivl\system.vpi";
:vpi_module "C:\iverilog\lib\ivl\vhdl_sys.vpi";
:vpi_module "C:\iverilog\lib\ivl\vhdl_textio.vpi";
:vpi_module "C:\iverilog\lib\ivl\v2005_math.vpi";
:vpi_module "C:\iverilog\lib\ivl\va_math.vpi";
S_0000017243756a50 .scope module, "comp10" "comp10" 2 1;
 .timescale 0 0;
    .port_info 0 /INPUT 1 "x";
    .port_info 1 /INPUT 1 "y";
    .port_info 2 /OUTPUT 1 "z";
o00000172435b68a8 .functor BUFZ 1, C4<z>; HiZ drive
L_0000017243756e60 .functor NOT 1, o00000172435b68a8, C4<0>, C4<0>, C4<0>;
o00000172435b68d8 .functor BUFZ 1, C4<z>; HiZ drive
L_00000172437570b0 .functor NOT 1, o00000172435b68d8, C4<0>, C4<0>, C4<0>;
L_000001724375d8f0 .functor AND 1, L_0000017243756e60, L_00000172437570b0, C4<1>, C4<1>;
L_000001724375d960 .functor AND 1, o00000172435b68a8, o00000172435b68d8, C4<1>, C4<1>;
L_000001724375d9d0 .functor OR 1, L_000001724375d8f0, L_000001724375d960, C4<0>, C4<0>;
v00000172437572d0_0 .net *"_ivl_0", 0 0, L_0000017243756e60;  1 drivers
v00000172437574f0_0 .net *"_ivl_2", 0 0, L_00000172437570b0;  1 drivers
v0000017243756be0_0 .net *"_ivl_4", 0 0, L_000001724375d8f0;  1 drivers
v0000017243756c80_0 .net *"_ivl_6", 0 0, L_000001724375d960;  1 drivers
v0000017243756d20_0 .net "x", 0 0, o00000172435b68a8;  0 drivers
v0000017243756dc0_0 .net "y", 0 0, o00000172435b68d8;  0 drivers
v000001724375d850_0 .net "z", 0 0, L_000001724375d9d0;  1 drivers
# The file index is used to find the file name in the following table.
:file_names 3;
    "N/A";
    "<interactive>";
    "comp10.v";
