#! /c/Source/iverilog-install/bin/vvp
:ivl_version "12.0 (devel)" "(s20150603-1539-g2693dd32b)";
:ivl_delay_selection "TYPICAL";
:vpi_time_precision + 0;
:vpi_module "C:\iverilog\lib\ivl\system.vpi";
:vpi_module "C:\iverilog\lib\ivl\vhdl_sys.vpi";
:vpi_module "C:\iverilog\lib\ivl\vhdl_textio.vpi";
:vpi_module "C:\iverilog\lib\ivl\v2005_math.vpi";
:vpi_module "C:\iverilog\lib\ivl\va_math.vpi";
S_0000016b297327f0 .scope module, "comp11" "comp11" 2 4;
 .timescale 0 0;
    .port_info 0 /INPUT 1 "x";
    .port_info 1 /INPUT 1 "y";
    .port_info 2 /OUTPUT 1 "z";
o0000016b29767048 .functor BUFZ 1, C4<z>; HiZ drive
o0000016b297670a8 .functor BUFZ 1, C4<z>; HiZ drive
L_0000016b29733180 .functor AND 1, o0000016b29767048, o0000016b297670a8, C4<1>, C4<1>;
L_0000016b2971daa0 .functor NOT 1, o0000016b29767048, C4<0>, C4<0>, C4<0>;
L_0000016b2971db10 .functor NOT 1, o0000016b297670a8, C4<0>, C4<0>, C4<0>;
L_0000016b2971db80 .functor AND 1, L_0000016b2971daa0, L_0000016b2971db10, C4<1>, C4<1>;
L_0000016b2971dbf0 .functor OR 1, L_0000016b29733180, L_0000016b2971db80, C4<0>, C4<0>;
v0000016b29732d40_0 .net "nx", 0 0, L_0000016b2971daa0;  1 drivers
v0000016b29732f60_0 .net "nxany", 0 0, L_0000016b2971db80;  1 drivers
v0000016b29732980_0 .net "ny", 0 0, L_0000016b2971db10;  1 drivers
v0000016b29732a20_0 .net "x", 0 0, o0000016b29767048;  0 drivers
v0000016b29732ac0_0 .net "xay", 0 0, L_0000016b29733180;  1 drivers
v0000016b2971d960_0 .net "y", 0 0, o0000016b297670a8;  0 drivers
v0000016b2971da00_0 .net "z", 0 0, L_0000016b2971dbf0;  1 drivers
# The file index is used to find the file name in the following table.
:file_names 3;
    "N/A";
    "<interactive>";
    "comp11.v";
