#! /c/Source/iverilog-install/bin/vvp
:ivl_version "12.0 (devel)" "(s20150603-1539-g2693dd32b)";
:ivl_delay_selection "TYPICAL";
:vpi_time_precision - 12;
:vpi_module "C:\iverilog\lib\ivl\system.vpi";
:vpi_module "C:\iverilog\lib\ivl\vhdl_sys.vpi";
:vpi_module "C:\iverilog\lib\ivl\vhdl_textio.vpi";
:vpi_module "C:\iverilog\lib\ivl\v2005_math.vpi";
:vpi_module "C:\iverilog\lib\ivl\va_math.vpi";
S_0000019723b59a00 .scope module, "ex01tb" "ex01tb" 2 4;
 .timescale -12 -12;
v0000019723b72800_0 .var "A", 0 0;
v0000019723b728a0_0 .var "B", 0 0;
v0000019723b72940_0 .var "C", 0 0;
v0000019723b729e0_0 .net "P", 0 0, L_0000019723b94860;  1 drivers
v0000019723b72a80_0 .net "Q", 0 0, L_0000019723b94940;  1 drivers
S_0000019723b5b130 .scope module, "uut" "ex01" 2 11, 3 3 0, S_0000019723b59a00;
 .timescale -12 -12;
    .port_info 0 /INPUT 1 "A";
    .port_info 1 /INPUT 1 "B";
    .port_info 2 /INPUT 1 "C";
    .port_info 3 /OUTPUT 1 "P";
    .port_info 4 /OUTPUT 1 "Q";
L_0000019723b94e10 .functor AND 1, v0000019723b72800_0, v0000019723b728a0_0, C4<1>, C4<1>;
L_0000019723b94860 .functor AND 1, L_0000019723b94e10, v0000019723b72940_0, C4<1>, C4<1>;
L_0000019723b94be0 .functor OR 1, v0000019723b72800_0, v0000019723b728a0_0, C4<0>, C4<0>;
L_0000019723b94940 .functor OR 1, L_0000019723b94be0, v0000019723b72940_0, C4<0>, C4<0>;
v0000019723b72fe0_0 .net "A", 0 0, v0000019723b72800_0;  1 drivers
v0000019723b58ac0_0 .net "B", 0 0, v0000019723b728a0_0;  1 drivers
v0000019723b5b2c0_0 .net "C", 0 0, v0000019723b72940_0;  1 drivers
v0000019723b5b360_0 .net "P", 0 0, L_0000019723b94860;  alias, 1 drivers
v0000019723b5b400_0 .net "Q", 0 0, L_0000019723b94940;  alias, 1 drivers
v0000019723b5b4a0_0 .net *"_ivl_0", 0 0, L_0000019723b94e10;  1 drivers
v0000019723b72760_0 .net *"_ivl_4", 0 0, L_0000019723b94be0;  1 drivers
    .scope S_0000019723b59a00;
T_0 ;
    %vpi_call 2 14 "$dumpfile", "DumpEx01.vcd" {0 0 0};
    %vpi_call 2 15 "$dumpvars" {0 0 0};
    %pushi/vec4 0, 0, 1;
    %store/vec4 v0000019723b72800_0, 0, 1;
    %pushi/vec4 0, 0, 1;
    %store/vec4 v0000019723b728a0_0, 0, 1;
    %pushi/vec4 0, 0, 1;
    %store/vec4 v0000019723b72940_0, 0, 1;
    %delay 20, 0;
    %pushi/vec4 1, 0, 1;
    %store/vec4 v0000019723b72940_0, 0, 1;
    %delay 20, 0;
    %pushi/vec4 0, 0, 1;
    %store/vec4 v0000019723b72940_0, 0, 1;
    %pushi/vec4 1, 0, 1;
    %store/vec4 v0000019723b728a0_0, 0, 1;
    %delay 20, 0;
    %pushi/vec4 1, 0, 1;
    %store/vec4 v0000019723b72940_0, 0, 1;
    %delay 20, 0;
    %pushi/vec4 0, 0, 1;
    %store/vec4 v0000019723b72940_0, 0, 1;
    %pushi/vec4 0, 0, 1;
    %store/vec4 v0000019723b728a0_0, 0, 1;
    %pushi/vec4 1, 0, 1;
    %store/vec4 v0000019723b72800_0, 0, 1;
    %delay 20, 0;
    %pushi/vec4 1, 0, 1;
    %store/vec4 v0000019723b72940_0, 0, 1;
    %delay 20, 0;
    %pushi/vec4 0, 0, 1;
    %store/vec4 v0000019723b72940_0, 0, 1;
    %pushi/vec4 1, 0, 1;
    %store/vec4 v0000019723b728a0_0, 0, 1;
    %delay 20, 0;
    %pushi/vec4 1, 0, 1;
    %store/vec4 v0000019723b72940_0, 0, 1;
    %end;
    .thread T_0;
    .scope S_0000019723b59a00;
T_1 ;
    %vpi_call 2 28 "$monitor", "time =%2d A=%b B=%b C=%b P=%b Q=%b", $time, v0000019723b72800_0, v0000019723b728a0_0, v0000019723b72940_0, v0000019723b729e0_0, v0000019723b72a80_0 {0 0 0};
    %end;
    .thread T_1;
# The file index is used to find the file name in the following table.
:file_names 4;
    "N/A";
    "<interactive>";
    "ex01tb.v";
    "./ex01.v";
