#! /c/Source/iverilog-install/bin/vvp
:ivl_version "12.0 (devel)" "(s20150603-1539-g2693dd32b)";
:ivl_delay_selection "TYPICAL";
:vpi_time_precision + 0;
:vpi_module "C:\iverilog\lib\ivl\system.vpi";
:vpi_module "C:\iverilog\lib\ivl\vhdl_sys.vpi";
:vpi_module "C:\iverilog\lib\ivl\vhdl_textio.vpi";
:vpi_module "C:\iverilog\lib\ivl\v2005_math.vpi";
:vpi_module "C:\iverilog\lib\ivl\va_math.vpi";
S_000001613e8f2720 .scope module, "ex01" "ex01" 2 3;
 .timescale 0 0;
    .port_info 0 /INPUT 1 "A";
    .port_info 1 /INPUT 1 "B";
    .port_info 2 /INPUT 1 "C";
    .port_info 3 /OUTPUT 1 "P";
    .port_info 4 /OUTPUT 1 "Q";
o000001613e926f08 .functor BUFZ 1, C4<z>; HiZ drive
o000001613e926f38 .functor BUFZ 1, C4<z>; HiZ drive
L_000001613e8f2b30 .functor AND 1, o000001613e926f08, o000001613e926f38, C4<1>, C4<1>;
o000001613e926f68 .functor BUFZ 1, C4<z>; HiZ drive
L_000001613e926820 .functor AND 1, L_000001613e8f2b30, o000001613e926f68, C4<1>, C4<1>;
L_000001613e8f31a0 .functor OR 1, o000001613e926f08, o000001613e926f38, C4<0>, C4<0>;
L_000001613e8dec40 .functor OR 1, L_000001613e8f31a0, o000001613e926f68, C4<0>, C4<0>;
v000001613e8f2f80_0 .net "A", 0 0, o000001613e926f08;  0 drivers
v000001613e926780_0 .net "B", 0 0, o000001613e926f38;  0 drivers
v000001613e8f28b0_0 .net "C", 0 0, o000001613e926f68;  0 drivers
v000001613e8f2950_0 .net "P", 0 0, L_000001613e926820;  1 drivers
v000001613e8f29f0_0 .net "Q", 0 0, L_000001613e8dec40;  1 drivers
v000001613e8f2a90_0 .net *"_ivl_0", 0 0, L_000001613e8f2b30;  1 drivers
v000001613e8deba0_0 .net *"_ivl_4", 0 0, L_000001613e8f31a0;  1 drivers
# The file index is used to find the file name in the following table.
:file_names 3;
    "N/A";
    "<interactive>";
    "ex01.v";
