#! /c/Source/iverilog-install/bin/vvp
:ivl_version "12.0 (devel)" "(s20150603-1539-g2693dd32b)";
:ivl_delay_selection "TYPICAL";
:vpi_time_precision + 0;
:vpi_module "C:\iverilog\lib\ivl\system.vpi";
:vpi_module "C:\iverilog\lib\ivl\vhdl_sys.vpi";
:vpi_module "C:\iverilog\lib\ivl\vhdl_textio.vpi";
:vpi_module "C:\iverilog\lib\ivl\v2005_math.vpi";
:vpi_module "C:\iverilog\lib\ivl\va_math.vpi";
S_000002d421706e00 .scope module, "simplein" "simplein" 2 3;
 .timescale 0 0;
    .port_info 0 /INPUT 1 "A";
    .port_info 1 /INPUT 1 "B";
    .port_info 2 /INPUT 1 "C";
    .port_info 3 /OUTPUT 1 "P";
    .port_info 4 /OUTPUT 1 "Q";
o000002d421706f98 .functor BUFZ 1, C4<z>; HiZ drive
o000002d421706fc8 .functor BUFZ 1, C4<z>; HiZ drive
L_000002d421706720 .functor AND 1, o000002d421706f98, o000002d421706fc8, C4<1>, C4<1>;
o000002d421706ff8 .functor BUFZ 1, C4<z>; HiZ drive
L_000002d4216b76a0 .functor AND 1, L_000002d421706720, o000002d421706ff8, C4<1>, C4<1>;
L_000002d4216beae0 .functor OR 1, o000002d421706f98, o000002d421706fc8, C4<0>, C4<0>;
L_000002d4216beb50 .functor OR 1, L_000002d4216beae0, o000002d421706ff8, C4<0>, C4<0>;
v000002d4216b7480_0 .net "A", 0 0, o000002d421706f98;  0 drivers
v000002d4216b6fe0_0 .net "B", 0 0, o000002d421706fc8;  0 drivers
v000002d421706680_0 .net "C", 0 0, o000002d421706ff8;  0 drivers
v000002d4216be860_0 .net "P", 0 0, L_000002d4216b76a0;  1 drivers
v000002d4216be900_0 .net "Q", 0 0, L_000002d4216beb50;  1 drivers
v000002d4216be9a0_0 .net *"_ivl_0", 0 0, L_000002d421706720;  1 drivers
v000002d4216bea40_0 .net *"_ivl_4", 0 0, L_000002d4216beae0;  1 drivers
# The file index is used to find the file name in the following table.
:file_names 3;
    "N/A";
    "<interactive>";
    "simpleIn.v";
